mode: set
less08/bigint/math.go:16.39,19.35 3 1
less08/bigint/math.go:23.2,24.29 2 1
less08/bigint/math.go:30.2,30.28 1 1
less08/bigint/math.go:33.2,33.15 1 1
less08/bigint/math.go:19.35,22.3 2 1
less08/bigint/math.go:24.29,25.38 1 1
less08/bigint/math.go:28.3,28.25 1 1
less08/bigint/math.go:25.38,26.12 1 1
less08/bigint/math.go:30.28,32.3 1 1
less08/bigint/math.go:36.49,40.68 4 1
less08/bigint/math.go:44.2,45.24 2 1
less08/bigint/math.go:51.2,51.19 1 1
less08/bigint/math.go:40.68,42.3 1 1
less08/bigint/math.go:45.24,46.36 1 1
less08/bigint/math.go:46.36,48.4 1 0
less08/bigint/math.go:54.41,56.9 2 1
less08/bigint/math.go:59.2,60.32 2 1
less08/bigint/math.go:56.9,58.3 1 0
less08/bigint/math.go:63.40,65.9 2 1
less08/bigint/math.go:68.2,70.12 3 1
less08/bigint/math.go:65.9,67.3 1 0
less08/bigint/math.go:74.43,77.16 3 1
less08/bigint/math.go:80.2,81.16 2 1
less08/bigint/math.go:84.2,87.16 4 1
less08/bigint/math.go:91.2,91.16 1 1
less08/bigint/math.go:95.2,95.38 1 1
less08/bigint/math.go:100.2,100.38 1 1
less08/bigint/math.go:110.2,110.38 1 1
less08/bigint/math.go:133.2,134.8 2 1
less08/bigint/math.go:77.16,78.25 1 0
less08/bigint/math.go:81.16,82.25 1 0
less08/bigint/math.go:87.16,90.3 2 1
less08/bigint/math.go:91.16,94.3 2 0
less08/bigint/math.go:95.38,99.3 3 1
less08/bigint/math.go:100.38,109.3 8 1
less08/bigint/math.go:110.38,113.21 3 1
less08/bigint/math.go:116.3,116.21 1 1
less08/bigint/math.go:119.3,123.19 2 1
less08/bigint/math.go:126.3,129.19 1 1
less08/bigint/math.go:113.21,115.4 1 1
less08/bigint/math.go:116.21,118.4 1 1
less08/bigint/math.go:123.19,125.4 1 1
less08/bigint/math.go:129.19,131.4 1 1
less08/bigint/math.go:138.34,142.38 4 1
less08/bigint/math.go:150.2,150.38 1 1
less08/bigint/math.go:163.2,163.38 1 1
less08/bigint/math.go:180.2,181.8 2 1
less08/bigint/math.go:142.38,144.87 2 1
less08/bigint/math.go:147.3,148.9 2 1
less08/bigint/math.go:144.87,146.4 1 1
less08/bigint/math.go:150.38,157.107 7 1
less08/bigint/math.go:160.3,161.9 2 1
less08/bigint/math.go:157.107,159.4 1 1
less08/bigint/math.go:163.38,165.21 2 1
less08/bigint/math.go:170.3,170.21 1 1
less08/bigint/math.go:175.3,176.21 2 1
less08/bigint/math.go:165.21,169.4 3 1
less08/bigint/math.go:170.21,174.4 3 1
less08/bigint/math.go:176.21,178.4 1 1
less08/bigint/math.go:184.39,188.27 4 1
less08/bigint/math.go:195.2,197.33 3 1
less08/bigint/math.go:201.2,201.33 1 1
less08/bigint/math.go:205.2,206.39 2 1
less08/bigint/math.go:217.2,219.42 3 1
less08/bigint/math.go:222.2,223.8 2 1
less08/bigint/math.go:188.27,190.3 1 1
less08/bigint/math.go:190.8,190.35 1 1
less08/bigint/math.go:190.35,192.3 1 1
less08/bigint/math.go:192.8,194.3 1 1
less08/bigint/math.go:197.33,200.3 2 1
less08/bigint/math.go:201.33,204.3 2 1
less08/bigint/math.go:206.39,213.24 7 1
less08/bigint/math.go:213.24,215.4 1 0
less08/bigint/math.go:219.42,221.3 1 1
less08/bigint/math.go:227.45,228.27 1 1
less08/bigint/math.go:231.2,231.28 1 1
less08/bigint/math.go:239.2,242.27 4 1
less08/bigint/math.go:249.2,251.33 3 1
less08/bigint/math.go:255.2,255.33 1 1
less08/bigint/math.go:259.2,261.39 3 1
less08/bigint/math.go:277.2,278.46 2 1
less08/bigint/math.go:281.2,282.42 2 1
less08/bigint/math.go:285.2,287.40 3 1
less08/bigint/math.go:292.2,292.22 1 1
less08/bigint/math.go:295.2,295.8 1 1
less08/bigint/math.go:228.27,230.3 1 1
less08/bigint/math.go:231.28,232.34 1 1
less08/bigint/math.go:232.34,233.35 1 1
less08/bigint/math.go:233.35,235.10 2 1
less08/bigint/math.go:242.27,244.3 1 1
less08/bigint/math.go:244.8,244.35 1 1
less08/bigint/math.go:244.35,246.3 1 1
less08/bigint/math.go:246.8,248.3 1 0
less08/bigint/math.go:251.33,254.3 2 1
less08/bigint/math.go:255.33,258.3 2 1
less08/bigint/math.go:261.39,262.23 1 1
less08/bigint/math.go:262.23,266.4 3 1
less08/bigint/math.go:266.9,266.29 1 1
less08/bigint/math.go:266.29,268.14 2 1
less08/bigint/math.go:271.4,273.15 3 1
less08/bigint/math.go:268.14,270.5 1 1
less08/bigint/math.go:278.46,280.3 1 1
less08/bigint/math.go:282.42,284.3 1 1
less08/bigint/math.go:287.40,288.31 1 1
less08/bigint/math.go:288.31,290.4 1 1
less08/bigint/math.go:292.22,294.3 1 1
less08/bigint/math.go:299.45,300.46 1 1
less08/bigint/math.go:306.2,306.24 1 1
less08/bigint/math.go:312.2,312.24 1 1
less08/bigint/math.go:318.2,319.8 2 1
less08/bigint/math.go:300.46,305.3 4 1
less08/bigint/math.go:306.24,311.3 4 1
less08/bigint/math.go:312.24,317.3 4 1
less08/bigint/math.go:322.32,325.32 3 1
less08/bigint/math.go:328.2,332.27 5 1
less08/bigint/math.go:335.2,335.38 1 1
less08/bigint/math.go:354.2,355.24 2 1
less08/bigint/math.go:359.2,359.15 1 1
less08/bigint/math.go:325.32,327.3 1 1
less08/bigint/math.go:332.27,334.3 1 1
less08/bigint/math.go:335.38,338.39 3 1
less08/bigint/math.go:346.3,346.18 1 1
less08/bigint/math.go:349.3,349.42 1 1
less08/bigint/math.go:352.3,352.25 1 1
less08/bigint/math.go:338.39,345.4 6 1
less08/bigint/math.go:346.18,348.4 1 1
less08/bigint/math.go:349.42,351.4 1 1
less08/bigint/math.go:355.24,358.3 2 1
less08/bigint/math.go:363.30,368.33 5 1
less08/bigint/math.go:371.2,371.20 1 1
less08/bigint/math.go:374.2,374.60 1 1
less08/bigint/math.go:382.2,382.60 1 1
less08/bigint/math.go:390.2,390.60 1 1
less08/bigint/math.go:394.2,395.30 2 1
less08/bigint/math.go:368.33,370.3 1 1
less08/bigint/math.go:371.20,372.13 1 0
less08/bigint/math.go:374.60,376.20 2 1
less08/bigint/math.go:379.3,380.31 2 1
less08/bigint/math.go:376.20,378.4 1 1
less08/bigint/math.go:382.60,384.20 2 1
less08/bigint/math.go:387.3,388.31 2 1
less08/bigint/math.go:384.20,386.4 1 1
less08/bigint/math.go:390.60,393.3 2 1
less08/bigint/math.go:399.42,400.23 1 1
less08/bigint/math.go:404.2,407.27 4 1
less08/bigint/math.go:412.2,413.8 2 1
less08/bigint/math.go:400.23,403.3 2 0
less08/bigint/math.go:407.27,411.3 3 1
less08/bigint/math.go:416.30,417.23 1 1
less08/bigint/math.go:422.2,424.3 1 1
less08/bigint/math.go:417.23,421.3 1 1
